<?xml version="1.0" encoding="UTF-8"?>
<!-- Generated by org.testng.reporters.JUnitReportReporter -->
<testsuite skipped="0" hostname="Deewyanti" name="Tests.LoginTest" tests="2" failures="0" timestamp="04 Apr 2019 23:21:16 GMT" time="1.327" errors="0">
  <testcase name="homeTest" time="0.031" classname="Tests.LoginTest"/>
  <testcase name="login" time="1.296" classname="Tests.LoginTest"/>
</testsuite> <!-- Tests.LoginTest -->
